DEBUG:__main__:Clicked on DisplayIm_1 Button
DEBUG:imageModel:Displayed Image
DEBUG:__main__:Chose FT Magnitude component Image
DEBUG:__main__:returned magnitude_Component_Imag1
DEBUG:__main__:Clicked on DisplayIm_1 Button
DEBUG:imageModel:Displayed Image
DEBUG:__main__:Chose FT Magnitude component Image
DEBUG:__main__:returned magnitude_Component_Imag1
DEBUG:__main__:Clicked on DisplayIm_1 Button
DEBUG:imageModel:Displayed Image
DEBUG:__main__:Chose FT Magnitude component Image
DEBUG:__main__:returned magnitude_Component_Imag1
DEBUG:__main__:Clicked on DisplayIm_1 Button
DEBUG:imageModel:Displayed Image
DEBUG:__main__:Chose FT Magnitude component Image
DEBUG:__main__:returned magnitude_Component_Imag1
DEBUG:__main__:Clicked on DisplayIm_1 Button
DEBUG:imageModel:Displayed Image
DEBUG:__main__:Chose FT Magnitude component Image
DEBUG:__main__:returned magnitude_Component_Imag1
DEBUG:__main__:Clicked on DisplayIm_1 Button
DEBUG:imageModel:Displayed Image
DEBUG:__main__:Chose FT Magnitude component Image
DEBUG:__main__:returned magnitude_Component_Imag1
DEBUG:__main__:Clicked on DisplayIm_1 Button
DEBUG:imageModel:Displayed Image
DEBUG:__main__:Chose FT Magnitude component Image
DEBUG:__main__:returned magnitude_Component_Imag1
DEBUG:__main__:Clicked on DisplayIm_1 Button
DEBUG:imageModel:Displayed Image
DEBUG:__main__:Chose FT Magnitude component Image
DEBUG:__main__:returned magnitude_Component_Imag1
DEBUG:__main__:Clicked on DisplayIm_1 Button
DEBUG:imageModel:Displayed Image
DEBUG:__main__:Chose FT Magnitude component Image
DEBUG:__main__:returned magnitude_Component_Imag1
DEBUG:__main__:Clicked on DisplayIm_1 Button
DEBUG:imageModel:Displayed Image
DEBUG:__main__:Chose FT Magnitude component Image
DEBUG:__main__:returned magnitude_Component_Imag1
DEBUG:__main__:Clicked on DisplayIm_1 Button
DEBUG:imageModel:Displayed Image
DEBUG:__main__:Chose FT Magnitude component Image
DEBUG:__main__:returned magnitude_Component_Imag1
DEBUG:__main__:Clicked on DisplayIm_1 Button
DEBUG:imageModel:Displayed Image
DEBUG:__main__:Chose FT Magnitude component Image
DEBUG:__main__:returned magnitude_Component_Imag1
DEBUG:__main__:Plot Component
DEBUG:__main__:Clicked on DisplayIm_1 Button
DEBUG:imageModel:Displayed Image
DEBUG:__main__:Chose FT Magnitude component Image
DEBUG:__main__:returned magnitude_Component_Imag1
DEBUG:__main__:Plot Component
DEBUG:__main__:Clicked on DisplayIm_1 Button
DEBUG:imageModel:Displayed Image
DEBUG:__main__:Chose FT Magnitude component Image
DEBUG:__main__:returned magnitude_Component_Imag1
DEBUG:__main__:Clicked on DisplayIm_1 Button
DEBUG:imageModel:Displayed Image
DEBUG:__main__:Chose FT Magnitude component Image
DEBUG:__main__:returned magnitude_Component_Imag1
DEBUG:__main__:Plot Component
DEBUG:__main__:Clicked on DisplayIm_1 Button
DEBUG:imageModel:Displayed Image
DEBUG:__main__:Chose FT Magnitude component Image
DEBUG:__main__:returned magnitude_Component_Imag1
DEBUG:__main__:Plot Component
DEBUG:__main__:Chose Inverse FT Magnitude component Image
DEBUG:__main__:Clicked on DisplayIm_1 Button
DEBUG:imageModel:Displayed Image
DEBUG:__main__:Chose FT Magnitude component Image
DEBUG:__main__:returned magnitude_Component_Imag1
DEBUG:__main__:Plot Component
DEBUG:__main__:Chose FT Phase component Image
DEBUG:__main__:returned phase_Component_Imag1
DEBUG:__main__:Plot Component
DEBUG:__main__:Chose FT Real component Image
DEBUG:__main__:returned real_Component_Imag1
DEBUG:__main__:Plot Component
DEBUG:__main__:Chose FT Imaginary component Image
DEBUG:__main__:returned imaginary_Component_Imag1
DEBUG:__main__:Plot Component
DEBUG:__main__:Clicked on DisplayIm_1 Button
DEBUG:imageModel:Displayed Image
DEBUG:__main__:Chose FT Magnitude component Image
DEBUG:__main__:returned magnitude_Component_Imag1
DEBUG:__main__:Plot Component
DEBUG:__main__:Chose Inverse FT Magnitude component Image
DEBUG:__main__:returned invers_Magnitude_Component_Imag1
DEBUG:__main__:Plot Component
DEBUG:__main__:Chose FT Phase component Image
DEBUG:__main__:returned phase_Component_Imag1
DEBUG:__main__:Plot Component
DEBUG:__main__:Chose Inverse FT Phase component Image
DEBUG:__main__:returned invers_Phase_Component_Imag1
DEBUG:__main__:Plot Component
DEBUG:__main__:Chose FT Real component Image
DEBUG:__main__:returned real_Component_Imag1
DEBUG:__main__:Plot Component
DEBUG:__main__:Chose UniForm Phase component Image
DEBUG:__main__:returned uni_Phase_Component_Imag1
DEBUG:__main__:Plot Component
DEBUG:__main__:Chose UniForm Magnitude component Image
DEBUG:__main__:returned uni_Magnitude_Component_Imag1
DEBUG:__main__:Plot Component
DEBUG:__main__:Clicked on DisplayIm_2 Button
DEBUG:imageModel:Displayed Image
DEBUG:__main__:Chose Inverse FT Phase component Image
DEBUG:__main__:returned invers_Phase_Component_Imag1
DEBUG:__main__:Plot Component
DEBUG:__main__:Chose FT Phase component Image
DEBUG:__main__:returned phase_Component_Imag1
DEBUG:__main__:Plot Component
DEBUG:__main__:Chose UniForm Phase component Image
DEBUG:__main__:returned uni_Phase_Component_Imag1
DEBUG:__main__:Plot Component
DEBUG:__main__:Chose UniForm Magnitude component Image
DEBUG:__main__:returned uni_Magnitude_Component_Imag1
DEBUG:__main__:Plot Component
